#
# There is insufficient memory for the Java Runtime Environment to continue.
# Native memory allocation (malloc) failed to allocate 1121616 bytes for Chunk::new
# Possible reasons:
#   The system is out of physical RAM or swap space
#   The process is running with CompressedOops enabled, and the Java Heap may be blocking the growth of the native heap
# Possible solutions:
#   Reduce memory load on the system
#   Increase physical memory or swap space
#   Check if swap backing store is full
#   Decrease Java heap size (-Xmx/-Xms)
#   Decrease number of Java threads
#   Decrease Java thread stack sizes (-Xss)
#   Set larger code cache with -XX:ReservedCodeCacheSize=
#   JVM is running with Unscaled Compressed Oops mode in which the Java heap is
#     placed in the first 4GB address space. The Java Heap base address is the
#     maximum limit for the native heap growth. Please use -XX:HeapBaseMinAddress
#     to set the Java Heap base and to place the Java Heap above 4GB virtual address.
# This output file may be truncated or incomplete.
#
#  Out of Memory Error (./src/hotspot/share/memory/arena.cpp:197), pid=4536, tid=17004
#
# JRE version: OpenJDK Runtime Environment JBR-11.0.13.7-1751.25-jcef (11.0.13+7) (build 11.0.13+7-b1751.25)
# Java VM: OpenJDK 64-Bit Server VM JBR-11.0.13.7-1751.25-jcef (11.0.13+7-b1751.25, mixed mode, tiered, compressed oops, g1 gc, windows-amd64)
# No core dump will be written. Minidumps are not enabled by default on client versions of Windows
#

---------------  S U M M A R Y ------------

Command Line: -Djava.rmi.server.hostname=127.0.0.1 -Duser.timezone=UTC -Xmx750m -Xms128m -Dfile.encoding=UTF-8 com.intellij.database.remote.RemoteJdbcServer org.postgresql.Driver

Host: Intel(R) Core(TM) i7-7700HQ CPU @ 2.80GHz, 8 cores, 7G,  Windows 10 , 64 bit Build 19041 (10.0.19041.1889)
Time: Wed Oct 12 12:57:43 2022 GTB Daylight Time elapsed time: 1.352393 seconds (0d 0h 0m 1s)

---------------  T H R E A D  ---------------

Current thread (0x000001fc84329000):  JavaThread "C2 CompilerThread1" daemon [_thread_in_native, id=17004, stack(0x000000c1b8200000,0x000000c1b8300000)]


Current CompileTask:
C2:   1352 1224 % !   4       com.sun.crypto.provider.PBKDF2KeyImpl::deriveKey @ 191 (295 bytes)

Stack: [0x000000c1b8200000,0x000000c1b8300000]
Native frames: (J=compiled Java code, j=interpreted, Vv=VM code, C=native code)
V  [jvm.dll+0x613daa]
V  [jvm.dll+0x799b30]
V  [jvm.dll+0x79b14d]
V  [jvm.dll+0x79b823]
V  [jvm.dll+0x24c958]
V  [jvm.dll+0xc14dc]
V  [jvm.dll+0xc1a0c]
V  [jvm.dll+0x360c3d]
V  [jvm.dll+0x19eb47]
V  [jvm.dll+0x204e8e]
V  [jvm.dll+0x203f07]
V  [jvm.dll+0x18b2a1]
V  [jvm.dll+0x212c3b]
V  [jvm.dll+0x211491]
V  [jvm.dll+0x760b9f]
V  [jvm.dll+0x759755]
V  [jvm.dll+0x612a16]
C  [ucrtbase.dll+0x21bb2]
C  [KERNEL32.DLL+0x17034]
C  [ntdll.dll+0x526a1]


---------------  P R O C E S S  ---------------

Threads class SMR info:
_java_thread_list=0x000001fc84674c20, length=18, elements={
0x000001fcebd97000, 0x000001fc833ce800, 0x000001fc833d7800, 0x000001fc83d63800,
0x000001fc833e6000, 0x000001fc833e8000, 0x000001fc833f4800, 0x000001fc83401800,
0x000001fc83406800, 0x000001fc83ebc000, 0x000001fc841ff800, 0x000001fc8429f800,
0x000001fc842a0800, 0x000001fc842a1800, 0x000001fc84329000, 0x000001fc84427800,
0x000001fc84917800, 0x000001fc842ba000
}

Java Threads: ( => current thread )
  0x000001fcebd97000 JavaThread "main" [_thread_blocked, id=14352, stack(0x000000c1b6d00000,0x000000c1b6e00000)]
  0x000001fc833ce800 JavaThread "Reference Handler" daemon [_thread_blocked, id=3724, stack(0x000000c1b7400000,0x000000c1b7500000)]
  0x000001fc833d7800 JavaThread "Finalizer" daemon [_thread_blocked, id=412, stack(0x000000c1b7500000,0x000000c1b7600000)]
  0x000001fc83d63800 JavaThread "Signal Dispatcher" daemon [_thread_blocked, id=10288, stack(0x000000c1b7600000,0x000000c1b7700000)]
  0x000001fc833e6000 JavaThread "Attach Listener" daemon [_thread_blocked, id=5564, stack(0x000000c1b7700000,0x000000c1b7800000)]
  0x000001fc833e8000 JavaThread "Service Thread" daemon [_thread_blocked, id=4956, stack(0x000000c1b7800000,0x000000c1b7900000)]
  0x000001fc833f4800 JavaThread "C2 CompilerThread0" daemon [_thread_in_native, id=7848, stack(0x000000c1b7900000,0x000000c1b7a00000)]
  0x000001fc83401800 JavaThread "C1 CompilerThread0" daemon [_thread_blocked, id=18452, stack(0x000000c1b7a00000,0x000000c1b7b00000)]
  0x000001fc83406800 JavaThread "Sweeper thread" daemon [_thread_blocked, id=10264, stack(0x000000c1b7b00000,0x000000c1b7c00000)]
  0x000001fc83ebc000 JavaThread "Common-Cleaner" daemon [_thread_blocked, id=20040, stack(0x000000c1b7d00000,0x000000c1b7e00000)]
  0x000001fc841ff800 JavaThread "RMI TCP Accept-32330" daemon [_thread_in_native, id=19684, stack(0x000000c1b7e00000,0x000000c1b7f00000)]
  0x000001fc8429f800 JavaThread "RMI TCP Accept-0" daemon [_thread_in_native, id=18772, stack(0x000000c1b7f00000,0x000000c1b8000000)]
  0x000001fc842a0800 JavaThread "RMI Reaper" [_thread_blocked, id=1524, stack(0x000000c1b8000000,0x000000c1b8100000)]
  0x000001fc842a1800 JavaThread "RMI GC Daemon" daemon [_thread_blocked, id=12272, stack(0x000000c1b8100000,0x000000c1b8200000)]
=>0x000001fc84329000 JavaThread "C2 CompilerThread1" daemon [_thread_in_native, id=17004, stack(0x000000c1b8200000,0x000000c1b8300000)]
  0x000001fc84427800 JavaThread "RMI TCP Connection(1)-127.0.0.1" daemon [_thread_in_native, id=2068, stack(0x000000c1b8300000,0x000000c1b8400000)]
  0x000001fc84917800 JavaThread "RMI Scheduler(0)" daemon [_thread_blocked, id=18228, stack(0x000000c1b8400000,0x000000c1b8500000)]
  0x000001fc842ba000 JavaThread "RMI TCP Connection(2)-127.0.0.1" daemon [_thread_in_native, id=15828, stack(0x000000c1b8500000,0x000000c1b8600000)]

Other Threads:
  0x000001fc833cd000 VMThread "VM Thread" [stack: 0x000000c1b7300000,0x000000c1b7400000] [id=18500]
  0x000001fc83ea7800 WatcherThread [stack: 0x000000c1b7c00000,0x000000c1b7d00000] [id=17492]
  0x000001fcebda9000 GCTaskThread "GC Thread#0" [stack: 0x000000c1b6e00000,0x000000c1b6f00000] [id=20200]
  0x000001fc8478b000 GCTaskThread "GC Thread#1" [stack: 0x000000c1b8700000,0x000000c1b8800000] [id=12524]
  0x000001fc850b4000 GCTaskThread "GC Thread#2" [stack: 0x000000c1b8800000,0x000000c1b8900000] [id=14680]
  0x000001fc8516d800 GCTaskThread "GC Thread#3" [stack: 0x000000c1b8900000,0x000000c1b8a00000] [id=1504]
  0x000001fcebdc1800 ConcurrentGCThread "G1 Main Marker" [stack: 0x000000c1b6f00000,0x000000c1b7000000] [id=19944]
  0x000001fcebdc4000 ConcurrentGCThread "G1 Conc#0" [stack: 0x000000c1b7000000,0x000000c1b7100000] [id=548]
  0x000001fcebe66000 ConcurrentGCThread "G1 Refine#0" [stack: 0x000000c1b7100000,0x000000c1b7200000] [id=17988]
  0x000001fc83ffe800 ConcurrentGCThread "G1 Refine#1" [stack: 0x000000c1b8a00000,0x000000c1b8b00000] [id=17312]
  0x000001fcebe67000 ConcurrentGCThread "G1 Young RemSet Sampling" [stack: 0x000000c1b7200000,0x000000c1b7300000] [id=9012]

Threads with active compile tasks:
C2 CompilerThread0   1385 1395       4       java.lang.reflect.ProxyGenerator$ConstantPool::getValue (87 bytes)
C2 CompilerThread1   1385 1224 % !   4       com.sun.crypto.provider.PBKDF2KeyImpl::deriveKey @ 191 (295 bytes)

VM state:not at safepoint (normal execution)

VM Mutex/Monitor currently owned by a thread: None

Heap address: 0x00000000d1200000, size: 750 MB, Compressed Oops mode: 32-bit
Narrow klass base: 0x0000000000000000, Narrow klass shift: 3
Compressed class space size: 1073741824 Address: 0x0000000100000000

Heap:
 garbage-first heap   total 131072K, used 5368K [0x00000000d1200000, 0x0000000100000000)
  region size 1024K, 4 young (4096K), 3 survivors (3072K)
 Metaspace       used 16492K, capacity 17012K, committed 17152K, reserved 1064960K
  class space    used 1701K, capacity 1921K, committed 2048K, reserved 1048576K
Heap Regions: E=young(eden), S=young(survivor), O=old, HS=humongous(starts), HC=humongous(continues), CS=collection set, F=free, A=archive, TAMS=top-at-mark-start (previous, next)
|   0|0x00000000d1200000, 0x00000000d1300000, 0x00000000d1300000|100%| O|  |TAMS 0x00000000d1200000, 0x00000000d1200000| Untracked 
|   1|0x00000000d1300000, 0x00000000d1400000, 0x00000000d1400000|100%| O|  |TAMS 0x00000000d1300000, 0x00000000d1300000| Untracked 
|   2|0x00000000d1400000, 0x00000000d143e000, 0x00000000d1500000| 24%| O|  |TAMS 0x00000000d1400000, 0x00000000d1400000| Untracked 
|   3|0x00000000d1500000, 0x00000000d1500000, 0x00000000d1600000|  0%| F|  |TAMS 0x00000000d1500000, 0x00000000d1500000| Untracked 
|   4|0x00000000d1600000, 0x00000000d1600000, 0x00000000d1700000|  0%| F|  |TAMS 0x00000000d1600000, 0x00000000d1600000| Untracked 
|   5|0x00000000d1700000, 0x00000000d1700000, 0x00000000d1800000|  0%| F|  |TAMS 0x00000000d1700000, 0x00000000d1700000| Untracked 
|   6|0x00000000d1800000, 0x00000000d1800000, 0x00000000d1900000|  0%| F|  |TAMS 0x00000000d1800000, 0x00000000d1800000| Untracked 
|   7|0x00000000d1900000, 0x00000000d1900000, 0x00000000d1a00000|  0%| F|  |TAMS 0x00000000d1900000, 0x00000000d1900000| Untracked 
|   8|0x00000000d1a00000, 0x00000000d1a00000, 0x00000000d1b00000|  0%| F|  |TAMS 0x00000000d1a00000, 0x00000000d1a00000| Untracked 
|   9|0x00000000d1b00000, 0x00000000d1b00000, 0x00000000d1c00000|  0%| F|  |TAMS 0x00000000d1b00000, 0x00000000d1b00000| Untracked 
|  10|0x00000000d1c00000, 0x00000000d1c00000, 0x00000000d1d00000|  0%| F|  |TAMS 0x00000000d1c00000, 0x00000000d1c00000| Untracked 
|  11|0x00000000d1d00000, 0x00000000d1d00000, 0x00000000d1e00000|  0%| F|  |TAMS 0x00000000d1d00000, 0x00000000d1d00000| Untracked 
|  12|0x00000000d1e00000, 0x00000000d1e00000, 0x00000000d1f00000|  0%| F|  |TAMS 0x00000000d1e00000, 0x00000000d1e00000| Untracked 
|  13|0x00000000d1f00000, 0x00000000d1f00000, 0x00000000d2000000|  0%| F|  |TAMS 0x00000000d1f00000, 0x00000000d1f00000| Untracked 
|  14|0x00000000d2000000, 0x00000000d2000000, 0x00000000d2100000|  0%| F|  |TAMS 0x00000000d2000000, 0x00000000d2000000| Untracked 
|  15|0x00000000d2100000, 0x00000000d2100000, 0x00000000d2200000|  0%| F|  |TAMS 0x00000000d2100000, 0x00000000d2100000| Untracked 
|  16|0x00000000d2200000, 0x00000000d2200000, 0x00000000d2300000|  0%| F|  |TAMS 0x00000000d2200000, 0x00000000d2200000| Untracked 
|  17|0x00000000d2300000, 0x00000000d2300000, 0x00000000d2400000|  0%| F|  |TAMS 0x00000000d2300000, 0x00000000d2300000| Untracked 
|  18|0x00000000d2400000, 0x00000000d2400000, 0x00000000d2500000|  0%| F|  |TAMS 0x00000000d2400000, 0x00000000d2400000| Untracked 
|  19|0x00000000d2500000, 0x00000000d2500000, 0x00000000d2600000|  0%| F|  |TAMS 0x00000000d2500000, 0x00000000d2500000| Untracked 
|  20|0x00000000d2600000, 0x00000000d2600000, 0x00000000d2700000|  0%| F|  |TAMS 0x00000000d2600000, 0x00000000d2600000| Untracked 
|  21|0x00000000d2700000, 0x00000000d2700000, 0x00000000d2800000|  0%| F|  |TAMS 0x00000000d2700000, 0x00000000d2700000| Untracked 
|  22|0x00000000d2800000, 0x00000000d2800000, 0x00000000d2900000|  0%| F|  |TAMS 0x00000000d2800000, 0x00000000d2800000| Untracked 
|  23|0x00000000d2900000, 0x00000000d2900000, 0x00000000d2a00000|  0%| F|  |TAMS 0x00000000d2900000, 0x00000000d2900000| Untracked 
|  24|0x00000000d2a00000, 0x00000000d2a00000, 0x00000000d2b00000|  0%| F|  |TAMS 0x00000000d2a00000, 0x00000000d2a00000| Untracked 
|  25|0x00000000d2b00000, 0x00000000d2b00000, 0x00000000d2c00000|  0%| F|  |TAMS 0x00000000d2b00000, 0x00000000d2b00000| Untracked 
|  26|0x00000000d2c00000, 0x00000000d2c00000, 0x00000000d2d00000|  0%| F|  |TAMS 0x00000000d2c00000, 0x00000000d2c00000| Untracked 
|  27|0x00000000d2d00000, 0x00000000d2d00000, 0x00000000d2e00000|  0%| F|  |TAMS 0x00000000d2d00000, 0x00000000d2d00000| Untracked 
|  28|0x00000000d2e00000, 0x00000000d2e00000, 0x00000000d2f00000|  0%| F|  |TAMS 0x00000000d2e00000, 0x00000000d2e00000| Untracked 
|  29|0x00000000d2f00000, 0x00000000d2f00000, 0x00000000d3000000|  0%| F|  |TAMS 0x00000000d2f00000, 0x00000000d2f00000| Untracked 
|  30|0x00000000d3000000, 0x00000000d3000000, 0x00000000d3100000|  0%| F|  |TAMS 0x00000000d3000000, 0x00000000d3000000| Untracked 
|  31|0x00000000d3100000, 0x00000000d3100000, 0x00000000d3200000|  0%| F|  |TAMS 0x00000000d3100000, 0x00000000d3100000| Untracked 
|  32|0x00000000d3200000, 0x00000000d3200000, 0x00000000d3300000|  0%| F|  |TAMS 0x00000000d3200000, 0x00000000d3200000| Untracked 
|  33|0x00000000d3300000, 0x00000000d3300000, 0x00000000d3400000|  0%| F|  |TAMS 0x00000000d3300000, 0x00000000d3300000| Untracked 
|  34|0x00000000d3400000, 0x00000000d3400000, 0x00000000d3500000|  0%| F|  |TAMS 0x00000000d3400000, 0x00000000d3400000| Untracked 
|  35|0x00000000d3500000, 0x00000000d3500000, 0x00000000d3600000|  0%| F|  |TAMS 0x00000000d3500000, 0x00000000d3500000| Untracked 
|  36|0x00000000d3600000, 0x00000000d3600000, 0x00000000d3700000|  0%| F|  |TAMS 0x00000000d3600000, 0x00000000d3600000| Untracked 
|  37|0x00000000d3700000, 0x00000000d3700000, 0x00000000d3800000|  0%| F|  |TAMS 0x00000000d3700000, 0x00000000d3700000| Untracked 
|  38|0x00000000d3800000, 0x00000000d3800000, 0x00000000d3900000|  0%| F|  |TAMS 0x00000000d3800000, 0x00000000d3800000| Untracked 
|  39|0x00000000d3900000, 0x00000000d3900000, 0x00000000d3a00000|  0%| F|  |TAMS 0x00000000d3900000, 0x00000000d3900000| Untracked 
|  40|0x00000000d3a00000, 0x00000000d3a00000, 0x00000000d3b00000|  0%| F|  |TAMS 0x00000000d3a00000, 0x00000000d3a00000| Untracked 
|  41|0x00000000d3b00000, 0x00000000d3b00000, 0x00000000d3c00000|  0%| F|  |TAMS 0x00000000d3b00000, 0x00000000d3b00000| Untracked 
|  42|0x00000000d3c00000, 0x00000000d3c00000, 0x00000000d3d00000|  0%| F|  |TAMS 0x00000000d3c00000, 0x00000000d3c00000| Untracked 
|  43|0x00000000d3d00000, 0x00000000d3d00000, 0x00000000d3e00000|  0%| F|  |TAMS 0x00000000d3d00000, 0x00000000d3d00000| Untracked 
|  44|0x00000000d3e00000, 0x00000000d3e00000, 0x00000000d3f00000|  0%| F|  |TAMS 0x00000000d3e00000, 0x00000000d3e00000| Untracked 
|  45|0x00000000d3f00000, 0x00000000d3f00000, 0x00000000d4000000|  0%| F|  |TAMS 0x00000000d3f00000, 0x00000000d3f00000| Untracked 
|  46|0x00000000d4000000, 0x00000000d4000000, 0x00000000d4100000|  0%| F|  |TAMS 0x00000000d4000000, 0x00000000d4000000| Untracked 
|  47|0x00000000d4100000, 0x00000000d4100000, 0x00000000d4200000|  0%| F|  |TAMS 0x00000000d4100000, 0x00000000d4100000| Untracked 
|  48|0x00000000d4200000, 0x00000000d4200000, 0x00000000d4300000|  0%| F|  |TAMS 0x00000000d4200000, 0x00000000d4200000| Untracked 
|  49|0x00000000d4300000, 0x00000000d4300000, 0x00000000d4400000|  0%| F|  |TAMS 0x00000000d4300000, 0x00000000d4300000| Untracked 
|  50|0x00000000d4400000, 0x00000000d4400000, 0x00000000d4500000|  0%| F|  |TAMS 0x00000000d4400000, 0x00000000d4400000| Untracked 
|  51|0x00000000d4500000, 0x00000000d4500000, 0x00000000d4600000|  0%| F|  |TAMS 0x00000000d4500000, 0x00000000d4500000| Untracked 
|  52|0x00000000d4600000, 0x00000000d4600000, 0x00000000d4700000|  0%| F|  |TAMS 0x00000000d4600000, 0x00000000d4600000| Untracked 
|  53|0x00000000d4700000, 0x00000000d4700000, 0x00000000d4800000|  0%| F|  |TAMS 0x00000000d4700000, 0x00000000d4700000| Untracked 
|  54|0x00000000d4800000, 0x00000000d4800000, 0x00000000d4900000|  0%| F|  |TAMS 0x00000000d4800000, 0x00000000d4800000| Untracked 
|  55|0x00000000d4900000, 0x00000000d4900000, 0x00000000d4a00000|  0%| F|  |TAMS 0x00000000d4900000, 0x00000000d4900000| Untracked 
|  56|0x00000000d4a00000, 0x00000000d4a00000, 0x00000000d4b00000|  0%| F|  |TAMS 0x00000000d4a00000, 0x00000000d4a00000| Untracked 
|  57|0x00000000d4b00000, 0x00000000d4b00000, 0x00000000d4c00000|  0%| F|  |TAMS 0x00000000d4b00000, 0x00000000d4b00000| Untracked 
|  58|0x00000000d4c00000, 0x00000000d4c00000, 0x00000000d4d00000|  0%| F|  |TAMS 0x00000000d4c00000, 0x00000000d4c00000| Untracked 
|  59|0x00000000d4d00000, 0x00000000d4d00000, 0x00000000d4e00000|  0%| F|  |TAMS 0x00000000d4d00000, 0x00000000d4d00000| Untracked 
|  60|0x00000000d4e00000, 0x00000000d4e00000, 0x00000000d4f00000|  0%| F|  |TAMS 0x00000000d4e00000, 0x00000000d4e00000| Untracked 
|  61|0x00000000d4f00000, 0x00000000d4f00000, 0x00000000d5000000|  0%| F|  |TAMS 0x00000000d4f00000, 0x00000000d4f00000| Untracked 
|  62|0x00000000d5000000, 0x00000000d5000000, 0x00000000d5100000|  0%| F|  |TAMS 0x00000000d5000000, 0x00000000d5000000| Untracked 
|  63|0x00000000d5100000, 0x00000000d5100000, 0x00000000d5200000|  0%| F|  |TAMS 0x00000000d5100000, 0x00000000d5100000| Untracked 
|  64|0x00000000d5200000, 0x00000000d5200000, 0x00000000d5300000|  0%| F|  |TAMS 0x00000000d5200000, 0x00000000d5200000| Untracked 
|  65|0x00000000d5300000, 0x00000000d5300000, 0x00000000d5400000|  0%| F|  |TAMS 0x00000000d5300000, 0x00000000d5300000| Untracked 
|  66|0x00000000d5400000, 0x00000000d5400000, 0x00000000d5500000|  0%| F|  |TAMS 0x00000000d5400000, 0x00000000d5400000| Untracked 
|  67|0x00000000d5500000, 0x00000000d5500000, 0x00000000d5600000|  0%| F|  |TAMS 0x00000000d5500000, 0x00000000d5500000| Untracked 
|  68|0x00000000d5600000, 0x00000000d5600000, 0x00000000d5700000|  0%| F|  |TAMS 0x00000000d5600000, 0x00000000d5600000| Untracked 
|  69|0x00000000d5700000, 0x00000000d5700000, 0x00000000d5800000|  0%| F|  |TAMS 0x00000000d5700000, 0x00000000d5700000| Untracked 
|  70|0x00000000d5800000, 0x00000000d5800000, 0x00000000d5900000|  0%| F|  |TAMS 0x00000000d5800000, 0x00000000d5800000| Untracked 
|  71|0x00000000d5900000, 0x00000000d5900000, 0x00000000d5a00000|  0%| F|  |TAMS 0x00000000d5900000, 0x00000000d5900000| Untracked 
|  72|0x00000000d5a00000, 0x00000000d5a00000, 0x00000000d5b00000|  0%| F|  |TAMS 0x00000000d5a00000, 0x00000000d5a00000| Untracked 
|  73|0x00000000d5b00000, 0x00000000d5b00000, 0x00000000d5c00000|  0%| F|  |TAMS 0x00000000d5b00000, 0x00000000d5b00000| Untracked 
|  74|0x00000000d5c00000, 0x00000000d5c00000, 0x00000000d5d00000|  0%| F|  |TAMS 0x00000000d5c00000, 0x00000000d5c00000| Untracked 
|  75|0x00000000d5d00000, 0x00000000d5d00000, 0x00000000d5e00000|  0%| F|  |TAMS 0x00000000d5d00000, 0x00000000d5d00000| Untracked 
|  76|0x00000000d5e00000, 0x00000000d5e00000, 0x00000000d5f00000|  0%| F|  |TAMS 0x00000000d5e00000, 0x00000000d5e00000| Untracked 
|  77|0x00000000d5f00000, 0x00000000d5f00000, 0x00000000d6000000|  0%| F|  |TAMS 0x00000000d5f00000, 0x00000000d5f00000| Untracked 
|  78|0x00000000d6000000, 0x00000000d6000000, 0x00000000d6100000|  0%| F|  |TAMS 0x00000000d6000000, 0x00000000d6000000| Untracked 
|  79|0x00000000d6100000, 0x00000000d6100000, 0x00000000d6200000|  0%| F|  |TAMS 0x00000000d6100000, 0x00000000d6100000| Untracked 
|  80|0x00000000d6200000, 0x00000000d6200000, 0x00000000d6300000|  0%| F|  |TAMS 0x00000000d6200000, 0x00000000d6200000| Untracked 
|  81|0x00000000d6300000, 0x00000000d6300000, 0x00000000d6400000|  0%| F|  |TAMS 0x00000000d6300000, 0x00000000d6300000| Untracked 
|  82|0x00000000d6400000, 0x00000000d6400000, 0x00000000d6500000|  0%| F|  |TAMS 0x00000000d6400000, 0x00000000d6400000| Untracked 
|  83|0x00000000d6500000, 0x00000000d6500000, 0x00000000d6600000|  0%| F|  |TAMS 0x00000000d6500000, 0x00000000d6500000| Untracked 
|  84|0x00000000d6600000, 0x00000000d6600000, 0x00000000d6700000|  0%| F|  |TAMS 0x00000000d6600000, 0x00000000d6600000| Untracked 
|  85|0x00000000d6700000, 0x00000000d6700000, 0x00000000d6800000|  0%| F|  |TAMS 0x00000000d6700000, 0x00000000d6700000| Untracked 
|  86|0x00000000d6800000, 0x00000000d6800000, 0x00000000d6900000|  0%| F|  |TAMS 0x00000000d6800000, 0x00000000d6800000| Untracked 
|  87|0x00000000d6900000, 0x00000000d6900000, 0x00000000d6a00000|  0%| F|  |TAMS 0x00000000d6900000, 0x00000000d6900000| Untracked 
|  88|0x00000000d6a00000, 0x00000000d6a00000, 0x00000000d6b00000|  0%| F|  |TAMS 0x00000000d6a00000, 0x00000000d6a00000| Untracked 
|  89|0x00000000d6b00000, 0x00000000d6b00000, 0x00000000d6c00000|  0%| F|  |TAMS 0x00000000d6b00000, 0x00000000d6b00000| Untracked 
|  90|0x00000000d6c00000, 0x00000000d6c00000, 0x00000000d6d00000|  0%| F|  |TAMS 0x00000000d6c00000, 0x00000000d6c00000| Untracked 
|  91|0x00000000d6d00000, 0x00000000d6d00000, 0x00000000d6e00000|  0%| F|  |TAMS 0x00000000d6d00000, 0x00000000d6d00000| Untracked 
|  92|0x00000000d6e00000, 0x00000000d6e00000, 0x00000000d6f00000|  0%| F|  |TAMS 0x00000000d6e00000, 0x00000000d6e00000| Untracked 
|  93|0x00000000d6f00000, 0x00000000d6f00000, 0x00000000d7000000|  0%| F|  |TAMS 0x00000000d6f00000, 0x00000000d6f00000| Untracked 
|  94|0x00000000d7000000, 0x00000000d7000000, 0x00000000d7100000|  0%| F|  |TAMS 0x00000000d7000000, 0x00000000d7000000| Untracked 
|  95|0x00000000d7100000, 0x00000000d7100000, 0x00000000d7200000|  0%| F|  |TAMS 0x00000000d7100000, 0x00000000d7100000| Untracked 
|  96|0x00000000d7200000, 0x00000000d7200000, 0x00000000d7300000|  0%| F|  |TAMS 0x00000000d7200000, 0x00000000d7200000| Untracked 
|  97|0x00000000d7300000, 0x00000000d7300000, 0x00000000d7400000|  0%| F|  |TAMS 0x00000000d7300000, 0x00000000d7300000| Untracked 
|  98|0x00000000d7400000, 0x00000000d7400000, 0x00000000d7500000|  0%| F|  |TAMS 0x00000000d7400000, 0x00000000d7400000| Untracked 
|  99|0x00000000d7500000, 0x00000000d7500000, 0x00000000d7600000|  0%| F|  |TAMS 0x00000000d7500000, 0x00000000d7500000| Untracked 
| 100|0x00000000d7600000, 0x00000000d7600000, 0x00000000d7700000|  0%| F|  |TAMS 0x00000000d7600000, 0x00000000d7600000| Untracked 
| 101|0x00000000d7700000, 0x00000000d7800000, 0x00000000d7800000|100%| S|CS|TAMS 0x00000000d7700000, 0x00000000d7700000| Complete 
| 102|0x00000000d7800000, 0x00000000d7900000, 0x00000000d7900000|100%| S|CS|TAMS 0x00000000d7800000, 0x00000000d7800000| Complete 
| 103|0x00000000d7900000, 0x00000000d7a00000, 0x00000000d7a00000|100%| S|CS|TAMS 0x00000000d7900000, 0x00000000d7900000| Complete 
| 104|0x00000000d7a00000, 0x00000000d7a00000, 0x00000000d7b00000|  0%| F|  |TAMS 0x00000000d7a00000, 0x00000000d7a00000| Untracked 
| 105|0x00000000d7b00000, 0x00000000d7b00000, 0x00000000d7c00000|  0%| F|  |TAMS 0x00000000d7b00000, 0x00000000d7b00000| Untracked 
| 106|0x00000000d7c00000, 0x00000000d7c00000, 0x00000000d7d00000|  0%| F|  |TAMS 0x00000000d7c00000, 0x00000000d7c00000| Untracked 
| 107|0x00000000d7d00000, 0x00000000d7d00000, 0x00000000d7e00000|  0%| F|  |TAMS 0x00000000d7d00000, 0x00000000d7d00000| Untracked 
| 108|0x00000000d7e00000, 0x00000000d7e00000, 0x00000000d7f00000|  0%| F|  |TAMS 0x00000000d7e00000, 0x00000000d7e00000| Untracked 
| 109|0x00000000d7f00000, 0x00000000d7f00000, 0x00000000d8000000|  0%| F|  |TAMS 0x00000000d7f00000, 0x00000000d7f00000| Untracked 
| 110|0x00000000d8000000, 0x00000000d8000000, 0x00000000d8100000|  0%| F|  |TAMS 0x00000000d8000000, 0x00000000d8000000| Untracked 
| 111|0x00000000d8100000, 0x00000000d8100000, 0x00000000d8200000|  0%| F|  |TAMS 0x00000000d8100000, 0x00000000d8100000| Untracked 
| 112|0x00000000d8200000, 0x00000000d8200000, 0x00000000d8300000|  0%| F|  |TAMS 0x00000000d8200000, 0x00000000d8200000| Untracked 
| 113|0x00000000d8300000, 0x00000000d8300000, 0x00000000d8400000|  0%| F|  |TAMS 0x00000000d8300000, 0x00000000d8300000| Untracked 
| 114|0x00000000d8400000, 0x00000000d8400000, 0x00000000d8500000|  0%| F|  |TAMS 0x00000000d8400000, 0x00000000d8400000| Untracked 
| 115|0x00000000d8500000, 0x00000000d8500000, 0x00000000d8600000|  0%| F|  |TAMS 0x00000000d8500000, 0x00000000d8500000| Untracked 
| 116|0x00000000d8600000, 0x00000000d8600000, 0x00000000d8700000|  0%| F|  |TAMS 0x00000000d8600000, 0x00000000d8600000| Untracked 
| 117|0x00000000d8700000, 0x00000000d8700000, 0x00000000d8800000|  0%| F|  |TAMS 0x00000000d8700000, 0x00000000d8700000| Untracked 
| 118|0x00000000d8800000, 0x00000000d8800000, 0x00000000d8900000|  0%| F|  |TAMS 0x00000000d8800000, 0x00000000d8800000| Untracked 
| 119|0x00000000d8900000, 0x00000000d8900000, 0x00000000d8a00000|  0%| F|  |TAMS 0x00000000d8900000, 0x00000000d8900000| Untracked 
| 120|0x00000000d8a00000, 0x00000000d8a00000, 0x00000000d8b00000|  0%| F|  |TAMS 0x00000000d8a00000, 0x00000000d8a00000| Untracked 
| 121|0x00000000d8b00000, 0x00000000d8b00000, 0x00000000d8c00000|  0%| F|  |TAMS 0x00000000d8b00000, 0x00000000d8b00000| Untracked 
| 122|0x00000000d8c00000, 0x00000000d8c00000, 0x00000000d8d00000|  0%| F|  |TAMS 0x00000000d8c00000, 0x00000000d8c00000| Untracked 
| 123|0x00000000d8d00000, 0x00000000d8d00000, 0x00000000d8e00000|  0%| F|  |TAMS 0x00000000d8d00000, 0x00000000d8d00000| Untracked 
| 124|0x00000000d8e00000, 0x00000000d8e00000, 0x00000000d8f00000|  0%| F|  |TAMS 0x00000000d8e00000, 0x00000000d8e00000| Untracked 
| 125|0x00000000d8f00000, 0x00000000d8f00000, 0x00000000d9000000|  0%| F|  |TAMS 0x00000000d8f00000, 0x00000000d8f00000| Untracked 
| 126|0x00000000d9000000, 0x00000000d9000000, 0x00000000d9100000|  0%| F|  |TAMS 0x00000000d9000000, 0x00000000d9000000| Untracked 
| 127|0x00000000d9100000, 0x00000000d9200000, 0x00000000d9200000|100%| E|  |TAMS 0x00000000d9100000, 0x00000000d9100000| Complete 

Card table byte_map: [0x000001fcfee90000,0x000001fcff010000] _byte_map_base: 0x000001fcfe807000

Marking Bits (Prev, Next): (CMBitMap*) 0x000001fcebdbde78, (CMBitMap*) 0x000001fcebdbdeb0
 Prev Bits: [0x000001fcff190000, 0x000001fcffd48000)
 Next Bits: [0x000001fc80000000, 0x000001fc80bb8000)

Polling page: 0x000001fceb570000

Metaspace:

Usage:
  Non-class:     14.74 MB capacity,    14.44 MB ( 98%) used,   244.52 KB (  2%) free+waste,    55.38 KB ( <1%) overhead. 
      Class:      1.88 MB capacity,     1.66 MB ( 89%) used,   192.32 KB ( 10%) free+waste,    27.56 KB (  1%) overhead. 
       Both:     16.61 MB capacity,    16.11 MB ( 97%) used,   436.84 KB (  3%) free+waste,    82.94 KB ( <1%) overhead. 

Virtual space:
  Non-class space:       16.00 MB reserved,      14.75 MB ( 92%) committed 
      Class space:        1.00 GB reserved,       2.00 MB ( <1%) committed 
             Both:        1.02 GB reserved,      16.75 MB (  2%) committed 

Chunk freelists:
   Non-Class:  13.00 KB
       Class:  0 bytes
        Both:  13.00 KB

MaxMetaspaceSize: 17179869184.00 GB
CompressedClassSpaceSize: 1.00 GB
Initial GC threshold: 20.80 MB
Current GC threshold: 20.80 MB
CDS: off

CodeHeap 'non-profiled nmethods': size=120000Kb used=480Kb max_used=480Kb free=119519Kb
 bounds [0x000001fcf74b0000, 0x000001fcf7720000, 0x000001fcfe9e0000]
CodeHeap 'profiled nmethods': size=120000Kb used=2511Kb max_used=2511Kb free=117488Kb
 bounds [0x000001fceff80000, 0x000001fcf0200000, 0x000001fcf74b0000]
CodeHeap 'non-nmethods': size=5760Kb used=1212Kb max_used=1212Kb free=4547Kb
 bounds [0x000001fcef9e0000, 0x000001fcefc50000, 0x000001fceff80000]
 total_blobs=1887 nmethods=1414 adapters=384
 compilation: enabled
              stopped_count=0, restarted_count=0
 full_count=0

Compilation events (20 events):
Event: 1.303 Thread 0x000001fc83401800 nmethod 1361 0x000001fcf01d5210 code [0x000001fcf01d5420, 0x000001fcf01d5878]
Event: 1.303 Thread 0x000001fc83401800 1362       3       jdk.internal.misc.Unsafe::allocateUninitializedArray0 (90 bytes)
Event: 1.303 Thread 0x000001fc83401800 nmethod 1362 0x000001fcf01d5a10 code [0x000001fcf01d5c00, 0x000001fcf01d6458]
Event: 1.303 Thread 0x000001fc83401800 1357       1       java.lang.reflect.Constructor::getSharedParameterTypes (5 bytes)
Event: 1.303 Thread 0x000001fc83401800 nmethod 1357 0x000001fcf7525710 code [0x000001fcf75258c0, 0x000001fcf7525978]
Event: 1.304 Thread 0x000001fc833f4800 nmethod 1350 0x000001fcf7525a10 code [0x000001fcf7525bc0, 0x000001fcf7525df8]
Event: 1.304 Thread 0x000001fc833f4800 1353       4       java.lang.Class::getName (18 bytes)
Event: 1.305 Thread 0x000001fc833f4800 nmethod 1353 0x000001fcf7526010 code [0x000001fcf75261a0, 0x000001fcf7526228]
Event: 1.315 Thread 0x000001fc83401800 1364       1       jdk.internal.reflect.ClassFileAssembler::getStack (5 bytes)
Event: 1.315 Thread 0x000001fc83401800 nmethod 1364 0x000001fcf7526790 code [0x000001fcf7526940, 0x000001fcf75269f8]
Event: 1.315 Thread 0x000001fc83401800 1365       3       java.lang.Class::searchMethods (104 bytes)
Event: 1.316 Thread 0x000001fc83401800 nmethod 1365 0x000001fcf01d6590 code [0x000001fcf01d6800, 0x000001fcf01d7238]
Event: 1.316 Thread 0x000001fc83401800 1366       3       java.lang.StringBuilder::<init> (18 bytes)
Event: 1.316 Thread 0x000001fc83401800 nmethod 1366 0x000001fcf01d7690 code [0x000001fcf01d7880, 0x000001fcf01d7b58]
Event: 1.316 Thread 0x000001fc83401800 1367       3       java.lang.String::toCharArray (25 bytes)
Event: 1.316 Thread 0x000001fc83401800 nmethod 1367 0x000001fcf01d7d10 code [0x000001fcf01d7f00, 0x000001fcf01d83b8]
Event: 1.316 Thread 0x000001fc83401800 1368       3       java.lang.StringLatin1::toChars (16 bytes)
Event: 1.317 Thread 0x000001fc83401800 nmethod 1368 0x000001fcf01d8590 code [0x000001fcf01d8760, 0x000001fcf01d8a58]
Event: 1.317 Thread 0x000001fc83401800 1369       3       java.util.logging.Logger::isLoggable (27 bytes)
Event: 1.317 Thread 0x000001fc83401800 nmethod 1369 0x000001fcf01d8c10 code [0x000001fcf01d8dc0, 0x000001fcf01d8f78]

GC Heap History (0 events):
No events

Deoptimization events (20 events):
Event: 1.229 Thread 0x000001fc842ba000 Uncommon trap: trap_request=0xffffffc6 fr.pc=0x000001fcf7516c84 relative=0x0000000000000dc4
Event: 1.229 Thread 0x000001fc842ba000 Uncommon trap: reason=bimorphic_or_optimized_type_check action=maybe_recompile pc=0x000001fcf7516c84 method=java.util.HashMap.putVal(ILjava/lang/Object;Ljava/lang/Object;ZZ)Ljava/lang/Object; @ 203 c2
Event: 1.229 Thread 0x000001fc842ba000 DEOPT PACKING pc=0x000001fcf7516c84 sp=0x000000c1b85f9b80
Event: 1.229 Thread 0x000001fc842ba000 DEOPT UNPACKING pc=0x000001fcefa2a1af sp=0x000000c1b85f9b20 mode 2
Event: 1.229 Thread 0x000001fc842ba000 Uncommon trap: trap_request=0xffffffc6 fr.pc=0x000001fcf7516c84 relative=0x0000000000000dc4
Event: 1.229 Thread 0x000001fc842ba000 Uncommon trap: reason=bimorphic_or_optimized_type_check action=maybe_recompile pc=0x000001fcf7516c84 method=java.util.HashMap.putVal(ILjava/lang/Object;Ljava/lang/Object;ZZ)Ljava/lang/Object; @ 203 c2
Event: 1.229 Thread 0x000001fc842ba000 DEOPT PACKING pc=0x000001fcf7516c84 sp=0x000000c1b85f9b80
Event: 1.229 Thread 0x000001fc842ba000 DEOPT UNPACKING pc=0x000001fcefa2a1af sp=0x000000c1b85f9b20 mode 2
Event: 1.229 Thread 0x000001fc842ba000 Uncommon trap: trap_request=0xffffffc6 fr.pc=0x000001fcf7516c84 relative=0x0000000000000dc4
Event: 1.229 Thread 0x000001fc842ba000 Uncommon trap: reason=bimorphic_or_optimized_type_check action=maybe_recompile pc=0x000001fcf7516c84 method=java.util.HashMap.putVal(ILjava/lang/Object;Ljava/lang/Object;ZZ)Ljava/lang/Object; @ 203 c2
Event: 1.229 Thread 0x000001fc842ba000 DEOPT PACKING pc=0x000001fcf7516c84 sp=0x000000c1b85f9b80
Event: 1.229 Thread 0x000001fc842ba000 DEOPT UNPACKING pc=0x000001fcefa2a1af sp=0x000000c1b85f9b20 mode 2
Event: 1.229 Thread 0x000001fc842ba000 Uncommon trap: trap_request=0xffffffc6 fr.pc=0x000001fcf7516c84 relative=0x0000000000000dc4
Event: 1.229 Thread 0x000001fc842ba000 Uncommon trap: reason=bimorphic_or_optimized_type_check action=maybe_recompile pc=0x000001fcf7516c84 method=java.util.HashMap.putVal(ILjava/lang/Object;Ljava/lang/Object;ZZ)Ljava/lang/Object; @ 203 c2
Event: 1.229 Thread 0x000001fc842ba000 DEOPT PACKING pc=0x000001fcf7516c84 sp=0x000000c1b85f9b80
Event: 1.229 Thread 0x000001fc842ba000 DEOPT UNPACKING pc=0x000001fcefa2a1af sp=0x000000c1b85f9b20 mode 2
Event: 1.231 Thread 0x000001fc842ba000 Uncommon trap: trap_request=0xffffff4d fr.pc=0x000001fcf7512c34 relative=0x0000000000000094
Event: 1.231 Thread 0x000001fc842ba000 Uncommon trap: reason=unstable_if action=reinterpret pc=0x000001fcf7512c34 method=java.lang.CharacterDataLatin1.digit(II)I @ 7 c2
Event: 1.231 Thread 0x000001fc842ba000 DEOPT PACKING pc=0x000001fcf7512c34 sp=0x000000c1b85fa3d0
Event: 1.231 Thread 0x000001fc842ba000 DEOPT UNPACKING pc=0x000001fcefa2a1af sp=0x000000c1b85fa290 mode 2

Classes redefined (0 events):
No events

Internal exceptions (20 events):
Event: 0.754 Thread 0x000001fcebd97000 Exception <a 'java/lang/NoSuchMethodError'{0x00000000d8afb278}: 'java.lang.Object java.lang.invoke.DirectMethodHandle$Holder.invokeStatic(java.lang.Object, java.lang.Object, java.lang.Object, java.lang.Object, java.lang.Object, java.lang.Object, int)'> (0x00000000d8afb278) thrown at [./src/hotspot/share/interpreter/linkResolver.cpp, line 773]
Event: 0.778 Thread 0x000001fcebd97000 Exception <a 'java/lang/NoSuchMethodError'{0x00000000d89cfb80}: 'java.lang.Object java.lang.invoke.DirectMethodHandle$Holder.invokeSpecial(java.lang.Object, java.lang.Object, int, int, java.lang.Object, int, java.lang.Object, java.lang.Object)'> (0x00000000d89cfb80) thrown at [./src/hotspot/share/interpreter/linkResolver.cpp, line 773]
Event: 0.779 Thread 0x000001fcebd97000 Exception <a 'java/lang/NoSuchMethodError'{0x00000000d89d31c0}: 'java.lang.Object java.lang.invoke.DelegatingMethodHandle$Holder.reinvoke_L(java.lang.Object, int, int, java.lang.Object, int, java.lang.Object, java.lang.Object)'> (0x00000000d89d31c0) thrown at [./src/hotspot/share/interpreter/linkResolver.cpp, line 773]
Event: 0.782 Thread 0x000001fcebd97000 Exception <a 'java/lang/NoSuchMethodError'{0x00000000d89fd6b8}: 'java.lang.Object java.lang.invoke.DirectMethodHandle$Holder.invokeStatic(java.lang.Object, java.lang.Object, java.lang.Object, java.lang.Object, java.lang.Object, java.lang.Object, java.lang.Object, java.lang.Object, int)'> (0x00000000d89fd6b8) thrown at [./src/hotspot/share/interpreter/linkResolver.cpp, line 773]
Event: 0.785 Thread 0x000001fcebd97000 Exception <a 'java/lang/NoSuchMethodError'{0x00000000d8818080}: 'java.lang.Object java.lang.invoke.DirectMethodHandle$Holder.invokeStatic(java.lang.Object, java.lang.Object, java.lang.Object, java.lang.Object, java.lang.Object, java.lang.Object, java.lang.Object, java.lang.Object, int, int)'> (0x00000000d8818080) thrown at [./src/hotspot/share/interpreter/linkResolver.cpp, line 773]
Event: 0.788 Thread 0x000001fcebd97000 Exception <a 'java/lang/NoSuchMethodError'{0x00000000d88335d8}: 'java.lang.Object java.lang.invoke.DirectMethodHandle$Holder.invokeStatic(java.lang.Object, java.lang.Object, java.lang.Object, java.lang.Object, java.lang.Object, java.lang.Object, java.lang.Object, java.lang.Object, int, int, java.lang.Object)'> (0x00000000d88335d8) thrown at [./src/hotspot/share/interpreter/linkResolver.cpp, line 773]
Event: 0.790 Thread 0x000001fcebd97000 Exception <a 'java/lang/NoSuchMethodError'{0x00000000d884fe28}: 'java.lang.Object java.lang.invoke.DirectMethodHandle$Holder.invokeStatic(java.lang.Object, java.lang.Object, java.lang.Object, java.lang.Object, java.lang.Object, java.lang.Object, java.lang.Object, java.lang.Object, int, int, java.lang.Object, java.lang.Object)'> (0x00000000d884fe28) thrown at [./src/hotspot/share/interpreter/linkResolver.cpp, line 773]
Event: 0.812 Thread 0x000001fcebd97000 Exception <a 'java/lang/NoSuchMethodError'{0x00000000d88d3fc8}: 'java.lang.Object java.lang.invoke.DirectMethodHandle$Holder.invokeStatic(java.lang.Object, java.lang.Object, java.lang.Object, java.lang.Object, int)'> (0x00000000d88d3fc8) thrown at [./src/hotspot/share/interpreter/linkResolver.cpp, line 773]
Event: 0.830 Thread 0x000001fcebd97000 Exception <a 'java/lang/NoSuchMethodError'{0x00000000d8798250}: 'java.lang.Object java.lang.invoke.DelegatingMethodHandle$Holder.reinvoke_L(java.lang.Object, java.lang.Object, long)'> (0x00000000d8798250) thrown at [./src/hotspot/share/interpreter/linkResolver.cpp, line 773]
Event: 0.830 Thread 0x000001fcebd97000 Exception <a 'java/lang/NoSuchMethodError'{0x00000000d879b440}: 'java.lang.Object java.lang.invoke.Invokers$Holder.linkToTargetMethod(java.lang.Object, long, java.lang.Object)'> (0x00000000d879b440) thrown at [./src/hotspot/share/interpreter/linkResolver.cpp, line 773]
Event: 0.842 Thread 0x000001fc84427800 Exception <a 'java/lang/NoSuchMethodError'{0x00000000d8648f20}: 'java.lang.Object java.lang.invoke.DelegatingMethodHandle$Holder.reinvoke_L(java.lang.Object, int, java.lang.Object)'> (0x00000000d8648f20) thrown at [./src/hotspot/share/interpreter/linkResolver.cpp, line 773]
Event: 0.891 Thread 0x000001fc842ba000 Exception <a 'java/lang/NoSuchMethodError'{0x00000000d8527ac8}: <clinit>> (0x00000000d8527ac8) thrown at [./src/hotspot/share/prims/jni.cpp, line 1366]
Event: 0.983 Thread 0x000001fc842ba000 Exception <a 'java/lang/NoSuchMethodError'{0x00000000d8336cc0}: 'java.lang.Object java.lang.invoke.DirectMethodHandle$Holder.invokeVirtual(java.lang.Object, java.lang.Object, java.lang.Object, java.lang.Object)'> (0x00000000d8336cc0) thrown at [./src/hotspot/share/interpreter/linkResolver.cpp, line 773]
Event: 0.995 Thread 0x000001fc842ba000 Exception <a 'java/lang/NoSuchMethodError'{0x00000000d83b08b8}: 'int java.lang.invoke.DirectMethodHandle$Holder.invokeStaticInit(java.lang.Object, java.lang.Object, java.lang.Object, java.lang.Object)'> (0x00000000d83b08b8) thrown at [./src/hotspot/share/interpreter/linkResolver.cpp, line 773]
Event: 0.996 Thread 0x000001fc842ba000 Exception <a 'java/lang/IncompatibleClassChangeError'{0x00000000d83b9ee0}: Found class java.lang.Object, but interface was expected> (0x00000000d83b9ee0) thrown at [./src/hotspot/share/interpreter/linkResolver.cpp, line 839]
Event: 0.996 Thread 0x000001fc842ba000 Exception <a 'java/lang/NoSuchMethodError'{0x00000000d83bd090}: 'void java.lang.invoke.DirectMethodHandle$Holder.invokeStaticInit(java.lang.Object, java.lang.Object)'> (0x00000000d83bd090) thrown at [./src/hotspot/share/interpreter/linkResolver.cpp, line 773]
Event: 0.998 Thread 0x000001fc842ba000 Exception <a 'java/lang/NoSuchMethodError'{0x00000000d83c2a18}: 'int java.lang.invoke.DirectMethodHandle$Holder.invokeStaticInit(java.lang.Object, java.lang.Object)'> (0x00000000d83c2a18) thrown at [./src/hotspot/share/interpreter/linkResolver.cpp, line 773]
Event: 1.047 Thread 0x000001fc842ba000 Exception <a 'java/lang/NoSuchMethodError'{0x00000000d82b2318}: 'java.lang.Object java.lang.invoke.DirectMethodHandle$Holder.invokeStaticInit(java.lang.Object, java.lang.Object, java.lang.Object)'> (0x00000000d82b2318) thrown at [./src/hotspot/share/interpreter/linkResolver.cpp, line 773]
Event: 1.134 Thread 0x000001fc842ba000 Exception <a 'sun/nio/fs/WindowsException'{0x00000000d7fdadf0}> (0x00000000d7fdadf0) thrown at [./src/hotspot/share/prims/jni.cpp, line 616]
Event: 1.136 Thread 0x000001fc842ba000 Exception <a 'java/lang/NoSuchMethodError'{0x00000000d7fe1fd0}: 'int java.lang.invoke.DirectMethodHandle$Holder.invokeSpecialIFC(java.lang.Object, java.lang.Object, int)'> (0x00000000d7fe1fd0) thrown at [./src/hotspot/share/interpreter/linkResolver.cpp, line 773]

Events (20 events):
Event: 1.294 loading class com/intellij/database/remote/jdbc/impl/RemoteConnectionImpl_Stub
Event: 1.294 loading class com/intellij/database/remote/jdbc/impl/RemoteConnectionImpl_Stub done
Event: 1.294 loading class com/intellij/database/remote/jdbc/RemoteDatabaseMetaData
Event: 1.294 loading class com/intellij/database/remote/jdbc/RemoteDatabaseMetaData done
Event: 1.295 loading class com/intellij/database/remote/jdbc/RemoteCallableStatement
Event: 1.295 loading class com/intellij/database/remote/jdbc/RemoteCallableStatement done
Event: 1.295 loading class com/intellij/database/remote/jdba/RemoteFacade
Event: 1.295 loading class com/intellij/database/remote/jdba/RemoteFacade done
Event: 1.295 loading class com/intellij/database/remote/jdbc/impl/RemoteBatchPreparedStatementImpl$Configuration
Event: 1.295 loading class com/intellij/database/remote/jdbc/impl/RemoteBatchPreparedStatementImpl$Configuration done
Event: 1.301 Executing VM operation: RevokeBias
Event: 1.301 Executing VM operation: RevokeBias done
Event: 1.301 Executing VM operation: RevokeBias
Event: 1.301 Executing VM operation: RevokeBias done
Event: 1.303 Executing VM operation: RevokeBias
Event: 1.303 Executing VM operation: RevokeBias done
Event: 1.303 Executing VM operation: RevokeBias
Event: 1.303 Executing VM operation: RevokeBias done
Event: 1.315 loading class jdk/internal/reflect/UnsafeQualifiedStaticObjectFieldAccessorImpl
Event: 1.315 loading class jdk/internal/reflect/UnsafeQualifiedStaticObjectFieldAccessorImpl done


Dynamic libraries:
0x00007ff754040000 - 0x00007ff75404a000 	C:\Program Files\JetBrains\IntelliJ IDEA 2021.3.2\jbr\bin\java.exe
0x00007ffd35110000 - 0x00007ffd35308000 	C:\WINDOWS\SYSTEM32\ntdll.dll
0x00007ffd336a0000 - 0x00007ffd3375d000 	C:\WINDOWS\System32\KERNEL32.DLL
0x00007ffd32dc0000 - 0x00007ffd3308e000 	C:\WINDOWS\System32\KERNELBASE.dll
0x00007ffd329c0000 - 0x00007ffd32ac0000 	C:\WINDOWS\System32\ucrtbase.dll
0x00007ffd30c30000 - 0x00007ffd30c47000 	C:\Program Files\JetBrains\IntelliJ IDEA 2021.3.2\jbr\bin\VCRUNTIME140.dll
0x00007ffd30c10000 - 0x00007ffd30c29000 	C:\Program Files\JetBrains\IntelliJ IDEA 2021.3.2\jbr\bin\jli.dll
0x00007ffd33bf0000 - 0x00007ffd33d90000 	C:\WINDOWS\System32\USER32.dll
0x00007ffd1cbb0000 - 0x00007ffd1ce4a000 	C:\WINDOWS\WinSxS\amd64_microsoft.windows.common-controls_6595b64144ccf1df_6.0.19041.1110_none_60b5254171f9507e\COMCTL32.dll
0x00007ffd32830000 - 0x00007ffd32852000 	C:\WINDOWS\System32\win32u.dll
0x00007ffd33170000 - 0x00007ffd3320e000 	C:\WINDOWS\System32\msvcrt.dll
0x00007ffd33670000 - 0x00007ffd3369a000 	C:\WINDOWS\System32\GDI32.dll
0x00007ffd32860000 - 0x00007ffd3296b000 	C:\WINDOWS\System32\gdi32full.dll
0x00007ffd32ac0000 - 0x00007ffd32b5d000 	C:\WINDOWS\System32\msvcp_win.dll
0x00007ffd34950000 - 0x00007ffd34980000 	C:\WINDOWS\System32\IMM32.DLL
0x00007ffd03870000 - 0x00007ffd0390d000 	C:\Program Files\JetBrains\IntelliJ IDEA 2021.3.2\jbr\bin\msvcp140.dll
0x00007ffcb0a90000 - 0x00007ffcb1606000 	C:\Program Files\JetBrains\IntelliJ IDEA 2021.3.2\jbr\bin\server\jvm.dll
0x00007ffd344a0000 - 0x00007ffd3454e000 	C:\WINDOWS\System32\ADVAPI32.dll
0x00007ffd342d0000 - 0x00007ffd3436c000 	C:\WINDOWS\System32\sechost.dll
0x00007ffd33760000 - 0x00007ffd33885000 	C:\WINDOWS\System32\RPCRT4.dll
0x00007ffd348e0000 - 0x00007ffd348e8000 	C:\WINDOWS\System32\PSAPI.DLL
0x00007ffd313d0000 - 0x00007ffd313d9000 	C:\WINDOWS\SYSTEM32\WSOCK32.dll
0x00007ffd1ede0000 - 0x00007ffd1ee07000 	C:\WINDOWS\SYSTEM32\WINMM.dll
0x00007ffd2ae10000 - 0x00007ffd2ae1a000 	C:\WINDOWS\SYSTEM32\VERSION.dll
0x00007ffd34260000 - 0x00007ffd342cb000 	C:\WINDOWS\System32\WS2_32.dll
0x00007ffd310d0000 - 0x00007ffd310e2000 	C:\WINDOWS\SYSTEM32\kernel.appcore.dll
0x00007ffd2fbe0000 - 0x00007ffd2fbf1000 	C:\Program Files\JetBrains\IntelliJ IDEA 2021.3.2\jbr\bin\verify.dll
0x00007ffd306a0000 - 0x00007ffd30884000 	C:\WINDOWS\SYSTEM32\DBGHELP.DLL
0x00007ffd30400000 - 0x00007ffd3042c000 	C:\WINDOWS\SYSTEM32\dbgcore.DLL
0x00007ffd32b60000 - 0x00007ffd32be2000 	C:\WINDOWS\System32\bcryptPrimitives.dll
0x00007ffd2fbb0000 - 0x00007ffd2fbd9000 	C:\Program Files\JetBrains\IntelliJ IDEA 2021.3.2\jbr\bin\java.dll
0x00007ffd30e30000 - 0x00007ffd30e3b000 	C:\Program Files\JetBrains\IntelliJ IDEA 2021.3.2\jbr\bin\jimage.dll
0x00007ffd2d570000 - 0x00007ffd2d588000 	C:\Program Files\JetBrains\IntelliJ IDEA 2021.3.2\jbr\bin\zip.dll
0x00007ffd34980000 - 0x00007ffd350c3000 	C:\WINDOWS\System32\SHELL32.dll
0x00007ffd2fc50000 - 0x00007ffd303e5000 	C:\WINDOWS\SYSTEM32\windows.storage.dll
0x00007ffd33890000 - 0x00007ffd33be4000 	C:\WINDOWS\System32\combase.dll
0x00007ffd32290000 - 0x00007ffd322c0000 	C:\WINDOWS\SYSTEM32\Wldp.dll
0x00007ffd34830000 - 0x00007ffd348dd000 	C:\WINDOWS\System32\SHCORE.dll
0x00007ffd348f0000 - 0x00007ffd34945000 	C:\WINDOWS\System32\shlwapi.dll
0x00007ffd32770000 - 0x00007ffd3278f000 	C:\WINDOWS\SYSTEM32\profapi.dll
0x00007ffd03e80000 - 0x00007ffd03e9a000 	C:\Program Files\JetBrains\IntelliJ IDEA 2021.3.2\jbr\bin\net.dll
0x00007ffd23520000 - 0x00007ffd2362a000 	C:\WINDOWS\SYSTEM32\WINHTTP.dll
0x00007ffd31ff0000 - 0x00007ffd3205a000 	C:\WINDOWS\system32\mswsock.dll
0x00007ffd03e60000 - 0x00007ffd03e74000 	C:\Program Files\JetBrains\IntelliJ IDEA 2021.3.2\jbr\bin\nio.dll
0x00007ffd321f0000 - 0x00007ffd32208000 	C:\WINDOWS\SYSTEM32\CRYPTSP.dll
0x00007ffd31900000 - 0x00007ffd31934000 	C:\WINDOWS\system32\rsaenh.dll
0x00007ffd33140000 - 0x00007ffd33167000 	C:\WINDOWS\System32\bcrypt.dll
0x00007ffd32730000 - 0x00007ffd3275e000 	C:\WINDOWS\SYSTEM32\USERENV.dll
0x00007ffd321e0000 - 0x00007ffd321ec000 	C:\WINDOWS\SYSTEM32\CRYPTBASE.dll
0x00007ffd31c90000 - 0x00007ffd31ccb000 	C:\WINDOWS\SYSTEM32\IPHLPAPI.DLL
0x00007ffd33270000 - 0x00007ffd33278000 	C:\WINDOWS\System32\NSI.dll
0x00007ffd2ece0000 - 0x00007ffd2ecf7000 	C:\WINDOWS\SYSTEM32\dhcpcsvc6.DLL
0x00007ffd2ecc0000 - 0x00007ffd2ecdd000 	C:\WINDOWS\SYSTEM32\dhcpcsvc.DLL
0x00007ffd31cd0000 - 0x00007ffd31d9a000 	C:\WINDOWS\SYSTEM32\DNSAPI.dll
0x00007ffd30950000 - 0x00007ffd30958000 	C:\Program Files\JetBrains\IntelliJ IDEA 2021.3.2\jbr\bin\rmi.dll
0x0000000066900000 - 0x0000000066926000 	C:\Program Files\Bonjour\mdnsNSP.dll
0x00007ffd228d0000 - 0x00007ffd228da000 	C:\Windows\System32\rasadhlp.dll
0x00007ffd22410000 - 0x00007ffd22490000 	C:\WINDOWS\System32\fwpuclnt.dll
0x00007ffd30d00000 - 0x00007ffd30d0a000 	C:\Program Files\JetBrains\IntelliJ IDEA 2021.3.2\jbr\bin\management.dll
0x00007ffd30890000 - 0x00007ffd3089d000 	C:\Program Files\JetBrains\IntelliJ IDEA 2021.3.2\jbr\bin\management_ext.dll
0x00007ffd03e30000 - 0x00007ffd03e58000 	C:\Program Files\JetBrains\IntelliJ IDEA 2021.3.2\jbr\bin\sunec.dll

dbghelp: loaded successfully - version: 4.0.5 - missing functions: none
symbol engine: initialized successfully - sym options: 0x614 - pdb path: .;C:\Program Files\JetBrains\IntelliJ IDEA 2021.3.2\jbr\bin;C:\WINDOWS\SYSTEM32;C:\WINDOWS\WinSxS\amd64_microsoft.windows.common-controls_6595b64144ccf1df_6.0.19041.1110_none_60b5254171f9507e;C:\Program Files\JetBrains\IntelliJ IDEA 2021.3.2\jbr\bin\server;C:\Program Files\Bonjour

VM Arguments:
jvm_args: -Djava.rmi.server.hostname=127.0.0.1 -Duser.timezone=UTC -Xmx750m -Xms128m -Dfile.encoding=UTF-8 
java_command: com.intellij.database.remote.RemoteJdbcServer org.postgresql.Driver
java_class_path (initial): C:\Program Files\JetBrains\IntelliJ IDEA 2021.3.2\lib\util.jar;C:\Program Files\JetBrains\IntelliJ IDEA 2021.3.2\lib\org_codehaus_groovy_groovy.jar;C:\Program Files\JetBrains\IntelliJ IDEA 2021.3.2\plugins\DatabaseTools\lib\jdbc-console.jar;C:\Users\Bianca\AppData\Roaming\JetBrains\IntelliJIdea2021.3\jdbc-drivers\PostgreSQL\42.5.0\org\postgresql\postgresql\42.5.0\postgresql-42.5.0.jar;C:\Users\Bianca\AppData\Roaming\JetBrains\IntelliJIdea2021.3\jdbc-drivers\PostgreSQL\42.5.0\org\checkerframework\checker-qual\3.5.0\checker-qual-3.5.0.jar;C:\Users\Bianca\AppData\Roaming\JetBrains\IntelliJIdea2021.3\jdbc-drivers\PostgreSQL\42.5.0\net\java\dev\jna\jna-platform\5.12.0\jna-platform-5.12.0.jar;C:\Users\Bianca\AppData\Roaming\JetBrains\IntelliJIdea2021.3\jdbc-drivers\PostgreSQL\42.5.0\net\java\dev\jna\jna\5.12.0\jna-5.12.0.jar;C:\Users\Bianca\AppData\Roaming\JetBrains\IntelliJIdea2021.3\jdbc-drivers\PostgreSQL\42.5.0\com\github\waffle\waffle-jna\1.9.1\waffle-jna-1.9.1.jar;C:\Users\Bianca\AppData\Roaming\JetBrains\IntelliJIdea2021.3\jdbc-drivers\PostgreSQL\42.5.0\net\java\dev\jna\jna\4.5.1\jna-4.5.1.jar;C:\Users\Bianca\AppData\Roaming\JetBrains\IntelliJIdea2021.3\jdbc-drivers\PostgreSQL\42.5.0\net\java\dev\jna\jna-platform\4.5.1\jna-platform-4.5.1.jar;C:\Users\Bianca\AppData\Roaming\JetBrains\IntelliJIdea2021.3\jdbc-drivers\PostgreSQL\42.5.0\org\slf4j\jcl-over-slf4j\1.7.25\jcl-over-slf4j-1.7.25.jar;C:\Users\Bianca\AppData\Roaming\JetBrains\IntelliJIdea2021.3\jdbc-drivers\PostgreSQL\42.5.0\org\slf4j\slf4j-api\1.7.25\slf4j-api-1.7.25.jar;C:\Users\Bianca\AppData\Roaming\JetBrains\IntelliJIdea2021.3\jdbc-drivers\PostgreSQL\42.5.0\com\github\ben-manes\caffeine\caffeine\2.6.2\caffeine-2.6.2.jar
Launcher Type: SUN_STANDARD

[Global flags]
     intx CICompilerCount                          = 4                                         {product} {ergonomic}
     uint ConcGCThreads                            = 2                                         {product} {ergonomic}
     uint G1ConcRefinementThreads                  = 8                                         {product} {ergonomic}
   size_t G1HeapRegionSize                         = 1048576                                   {product} {ergonomic}
    uintx GCDrainStackTargetSize                   = 64                                        {product} {ergonomic}
   size_t InitialHeapSize                          = 134217728                                 {product} {command line}
   size_t MarkStackSize                            = 4194304                                   {product} {ergonomic}
   size_t MaxHeapSize                              = 786432000                                 {product} {command line}
   size_t MaxNewSize                               = 471859200                                 {product} {ergonomic}
   size_t MinHeapDeltaBytes                        = 1048576                                   {product} {ergonomic}
    uintx NonNMethodCodeHeapSize                   = 5836300                                {pd product} {ergonomic}
    uintx NonProfiledCodeHeapSize                  = 122910970                              {pd product} {ergonomic}
    uintx ProfiledCodeHeapSize                     = 122910970                              {pd product} {ergonomic}
    uintx ReservedCodeCacheSize                    = 251658240                              {pd product} {ergonomic}
     bool SegmentedCodeCache                       = true                                      {product} {ergonomic}
     bool UseCompressedClassPointers               = true                                 {lp64_product} {ergonomic}
     bool UseCompressedOops                        = true                                 {lp64_product} {ergonomic}
     bool UseG1GC                                  = true                                      {product} {ergonomic}
     bool UseLargePagesIndividualAllocation        = false                                  {pd product} {ergonomic}

Logging:
Log output configuration:
 #0: stdout all=warning uptime,level,tags
 #1: stderr all=off uptime,level,tags

Environment Variables:
JAVA_HOME=C:\Program Files\Java\jdk-11.0.9
JRE_HOME=C:\Program Files\Java\jdk-11.0.9
PATH=D:\VMware Workstation\bin\;C:\Program Files\Common Files\Oracle\Java\javapath;C:\ProgramData\Oracle\Java\javapath;C:\Windows\system32;C:\Windows;C:\Windows\System32\Wbem;C:\Windows\System32\WindowsPowerShell\v1.0\;C:\Windows\System32\OpenSSH\;C:\Program Files\NVIDIA Corporation\NVIDIA NvDLISR;C:\Program Files (x86)\NVIDIA Corporation\PhysX\Common;d:\facultate\active hdl\BIN;C:\PROGRA~2\Aldec\ACTIVE~1.3\BIN;C:\WINDOWS\system32;C:\WINDOWS;C:\WINDOWS\System32\Wbem;C:\WINDOWS\System32\WindowsPowerShell\v1.0\;C:\WINDOWS\System32\OpenSSH\;C:\mingw-w64\i686-8.1.0-posix-dwarf-rt_v6-rev0\mingw32\bin;C:\wamp64\bin\php\php7.3.12;C:\Program Files\MySQL\MySQL Server 8.0\bin;C:\xampp\php;C:\Users\Bianca\AppData\Local\atom;C:\Program Files (x86)\IVI Foundation\VISA\WinNT\Bin\;C:\Program Files\IVI Foundation\VISA\Win64\Bin\;C:\Program Files (x86)\IVI Foundation\VISA\WinNT\Bin;C:\Program Files\Microsoft SQL Server\Client SDK\ODBC\170\Tools\Binn\;C:\Program Files (x86)\Microsoft SQL Server\150\Tools\Binn\;C:\Program Files\Microsoft SQL Server\150\Tools\Binn\;C:\Program Files\Microsoft SQL Server\150\DTS\Binn\;C:\sqlite3;C:\Program Files\Java\jdk-11.0.9\bin;C:\Program Files\apache-maven-3.6.3\bin;C:\Program Files\dotnet\;C:\Program Files\nodejs\;C:\ProgramData\chocolatey\bin;C:\Program Files\CMake\bin;C:\Program Files (x86)\Prover9-Mace4\bin-win32;D:\ghc-8.10.6-x86_64-unknown-mingw32\ghc-8.10.6;D:\ghc-8.10.6-x86_64-unknown-mingw32\ghc-8.10.6\bin;D:\prism\prism-4.7\bin;C:\Strawberry\c\bin;C:\Strawberry\perl\site\bin;C:\Strawberry\perl\bin;C:\Program Files\Git\cmd;C:\Program Files (x86)\Microsoft SQL Server\150\DTS\Binn\;C:\Program Files\Azure Data Studio\bin;C:\Program Files\MySQL\MySQL Shell 8.0\bin\;C:\Users\Bianca\AppData\Local\Microsoft\WindowsApps;C:\Users\Bianca\AppData\Roaming\Composer\vendor\bin;D:\DataGrip\DataGrip 2020.2.3\bin;C:\Users\Bianca\.dotnet\tools;D:\IntelliJ IDEA\IntelliJ IDEA 2020.2.3\bin;C:\Users\Bianca\AppData\Local\Microsoft\WindowsApps;C:\Users\Bianca\.dotnet
USERNAME=Bianca
OS=Windows_NT
PROCESSOR_IDENTIFIER=Intel64 Family 6 Model 158 Stepping 9, GenuineIntel



---------------  S Y S T E M  ---------------

OS: Windows 10 , 64 bit Build 19041 (10.0.19041.1889)
OS uptime: 0 days 17:31 hours

CPU:total 8 (initial active 8) (4 cores per cpu, 2 threads per core) family 6 model 158 stepping 9 microcode 0xb4, cmov, cx8, fxsr, mmx, sse, sse2, sse3, ssse3, sse4.1, sse4.2, popcnt, avx, avx2, aes, clmul, erms, 3dnowpref, lzcnt, ht, tsc, tscinvbit, bmi1, bmi2, adx, fma

Memory: 4k page, system-wide physical 8084M (484M free)
TotalPageFile size 15084M (AvailPageFile size 5M)
current process WorkingSet (physical memory assigned to process): 102M, peak: 102M
current process commit charge ("private bytes"): 237M, peak: 238M

vm_info: OpenJDK 64-Bit Server VM (11.0.13+7-b1751.25) for windows-amd64 JRE (11.0.13+7-b1751.25), built on Jan 13 2022 20:47:27 by "" with MS VC++ 14.0 (VS2015)

END.
